2026-03-01 10:37:19: ✅ DB size: 10.2MB (yesterday: 10.2 MB).
2026-03-01 10:40:44: ✅ Cleaned 'Revisions'
2026-03-01 10:40:45: ✅ Cleaned 'Revisions'
2026-03-01 10:40:47: ✅ Cleaned 'Revisions'
2026-03-01 10:40:48: ✅ Cleaned 'Revisions'
2026-03-01 10:40:50: ✅ Cleaned 'Revisions'
2026-03-01 10:40:51: ✅ Cleaned 'Deleted Posts'
2026-03-01 10:40:52: ✅ Cleaned 'Orphaned Post Meta'
2026-03-01 10:40:52: ✅ Cleaned 'oEmbed Caches'
2026-03-01 10:40:53: ✅ Cleaned 'oEmbed Caches'
2026-03-01 10:40:54: ✅ Cleaned 'oEmbed Caches'
2026-03-01 10:40:55: ✅ Cleaned 'Expired Transients'
2026-03-01 10:41:09: ✅ DB size: 10.2MB (yesterday: 10.2 MB).
2026-03-01 10:41:26: ✅ Cleaned 'Orphaned Post Meta'
2026-03-02 21:57:58: ✅ Cleaned 'oEmbed Caches'
2026-03-02 21:57:58: ✅ Cleaned 'Expired Transients'
2026-03-02 21:58:05: ✅ DB size: 11.41MB (yesterday: 10.2 MB).
2026-03-02 21:58:20: ✅ Deleted table 'wp_mclean_scan'
2026-03-02 21:58:25: ✅ Deleted table 'wp_mclean_refs'
2026-03-02 22:37:35: ✅ DB size: 11.48MB (yesterday: 10.2 MB).
2026-03-03 10:38:12: ✅ DB size: 11.48MB (yesterday: 11.48 MB).
2026-03-04 10:34:01: ✅ DB size: 16.79MB (yesterday: 11.48 MB).
2026-03-04 10:37:28: ✅ DB size: 16.79MB (yesterday: 11.48 MB).
2026-03-05 11:26:54: ✅ DB size: 27.36MB (yesterday: 16.79 MB).
2026-03-05 22:37:25: ✅ DB size: 27.36MB (yesterday: 16.79 MB).
2026-03-06 12:44:28: ✅ DB size: 32.97MB (yesterday: 27.36 MB).
2026-03-06 22:48:35: ✅ DB size: 32.97MB (yesterday: 27.36 MB).
